CRITICAL - 2023-11-27 08:12:45 --> Invalid file: "content/coches.php"
in SYSTEMPATH\Exceptions\FrameworkException.php on line 39.
 1 SYSTEMPATH\View\View.php(216): CodeIgniter\Exceptions\FrameworkException::forInvalidFile('content/coches.php')
 2 SYSTEMPATH\Common.php(1190): CodeIgniter\View\View->render('content/coches', [], true)
 3 APPPATH\Controllers\Paises.php(14): view('content/coches')
 4 SYSTEMPATH\CodeIgniter.php(942): App\Controllers\Paises->index()
 5 SYSTEMPATH\CodeIgniter.php(502): CodeIgniter\CodeIgniter->runController(Object(App\Controllers\Paises))
 6 SYSTEMPATH\CodeIgniter.php(361): CodeIgniter\CodeIgniter->handleRequest(null, Object(Config\Cache), false)
 7 FCPATH\index.php(79): CodeIgniter\CodeIgniter->run()
CRITICAL - 2023-11-27 08:35:04 --> Invalid file: "content/españa.php"
in SYSTEMPATH\Exceptions\FrameworkException.php on line 39.
 1 SYSTEMPATH\View\View.php(216): CodeIgniter\Exceptions\FrameworkException::forInvalidFile('content/españa.php')
 2 SYSTEMPATH\Common.php(1190): CodeIgniter\View\View->render('content/españa', [], true)
 3 APPPATH\Controllers\Paises.php(20): view('content/españa')
 4 SYSTEMPATH\CodeIgniter.php(942): App\Controllers\Paises->españa()
 5 SYSTEMPATH\CodeIgniter.php(502): CodeIgniter\CodeIgniter->runController(Object(App\Controllers\Paises))
 6 SYSTEMPATH\CodeIgniter.php(361): CodeIgniter\CodeIgniter->handleRequest(null, Object(Config\Cache), false)
 7 FCPATH\index.php(79): CodeIgniter\CodeIgniter->run()
CRITICAL - 2023-11-27 09:15:51 --> Undefined variable $seleccionado
in APPPATH\Views\templates\menu_lateral.php on line 19.
 1 APPPATH\Views\templates\menu_lateral.php(19): CodeIgniter\Debug\Exceptions->errorHandler(2, 'Undefined variable $seleccionado', 'C:\\xampp\\htdocs\\paises\\app\\Views\\templates\\menu_lateral.php', 19)
 2 SYSTEMPATH\View\View.php(228): include('C:\\xampp\\htdocs\\paises\\app\\Views\\templates\\menu_lateral.php')
 3 SYSTEMPATH\View\View.php(231): CodeIgniter\View\View->CodeIgniter\View\{closure}()
 4 SYSTEMPATH\Common.php(1190): CodeIgniter\View\View->render('templates/menu_lateral', [], true)
 5 APPPATH\Controllers\Paises.php(28): view('templates/menu_lateral')
 6 SYSTEMPATH\CodeIgniter.php(942): App\Controllers\Paises->inglaterra()
 7 SYSTEMPATH\CodeIgniter.php(502): CodeIgniter\CodeIgniter->runController(Object(App\Controllers\Paises))
 8 SYSTEMPATH\CodeIgniter.php(361): CodeIgniter\CodeIgniter->handleRequest(null, Object(Config\Cache), false)
 9 FCPATH\index.php(79): CodeIgniter\CodeIgniter->run()
CRITICAL - 2023-11-27 09:16:28 --> Undefined variable $seleccionado
in APPPATH\Views\templates\menu_lateral.php on line 19.
 1 APPPATH\Views\templates\menu_lateral.php(19): CodeIgniter\Debug\Exceptions->errorHandler(2, 'Undefined variable $seleccionado', 'C:\\xampp\\htdocs\\paises\\app\\Views\\templates\\menu_lateral.php', 19)
 2 SYSTEMPATH\View\View.php(228): include('C:\\xampp\\htdocs\\paises\\app\\Views\\templates\\menu_lateral.php')
 3 SYSTEMPATH\View\View.php(231): CodeIgniter\View\View->CodeIgniter\View\{closure}()
 4 SYSTEMPATH\Common.php(1190): CodeIgniter\View\View->render('templates/menu_lateral', [], true)
 5 APPPATH\Controllers\Paises.php(28): view('templates/menu_lateral')
 6 SYSTEMPATH\CodeIgniter.php(942): App\Controllers\Paises->inglaterra()
 7 SYSTEMPATH\CodeIgniter.php(502): CodeIgniter\CodeIgniter->runController(Object(App\Controllers\Paises))
 8 SYSTEMPATH\CodeIgniter.php(361): CodeIgniter\CodeIgniter->handleRequest(null, Object(Config\Cache), false)
 9 FCPATH\index.php(79): CodeIgniter\CodeIgniter->run()
CRITICAL - 2023-11-27 09:16:35 --> Undefined variable $seleccionado
in APPPATH\Views\templates\menu_lateral.php on line 19.
 1 APPPATH\Views\templates\menu_lateral.php(19): CodeIgniter\Debug\Exceptions->errorHandler(2, 'Undefined variable $seleccionado', 'C:\\xampp\\htdocs\\paises\\app\\Views\\templates\\menu_lateral.php', 19)
 2 SYSTEMPATH\View\View.php(228): include('C:\\xampp\\htdocs\\paises\\app\\Views\\templates\\menu_lateral.php')
 3 SYSTEMPATH\View\View.php(231): CodeIgniter\View\View->CodeIgniter\View\{closure}()
 4 SYSTEMPATH\Common.php(1190): CodeIgniter\View\View->render('templates/menu_lateral', [], true)
 5 APPPATH\Controllers\Paises.php(12): view('templates/menu_lateral')
 6 SYSTEMPATH\CodeIgniter.php(942): App\Controllers\Paises->index()
 7 SYSTEMPATH\CodeIgniter.php(502): CodeIgniter\CodeIgniter->runController(Object(App\Controllers\Paises))
 8 SYSTEMPATH\CodeIgniter.php(361): CodeIgniter\CodeIgniter->handleRequest(null, Object(Config\Cache), false)
 9 FCPATH\index.php(79): CodeIgniter\CodeIgniter->run()
CRITICAL - 2023-11-27 09:16:52 --> Undefined variable $seleccionado
in APPPATH\Views\templates\menu_lateral.php on line 19.
 1 APPPATH\Views\templates\menu_lateral.php(19): CodeIgniter\Debug\Exceptions->errorHandler(2, 'Undefined variable $seleccionado', 'C:\\xampp\\htdocs\\paises\\app\\Views\\templates\\menu_lateral.php', 19)
 2 SYSTEMPATH\View\View.php(228): include('C:\\xampp\\htdocs\\paises\\app\\Views\\templates\\menu_lateral.php')
 3 SYSTEMPATH\View\View.php(231): CodeIgniter\View\View->CodeIgniter\View\{closure}()
 4 SYSTEMPATH\Common.php(1190): CodeIgniter\View\View->render('templates/menu_lateral', [], true)
 5 APPPATH\Controllers\Paises.php(12): view('templates/menu_lateral')
 6 SYSTEMPATH\CodeIgniter.php(942): App\Controllers\Paises->index()
 7 SYSTEMPATH\CodeIgniter.php(502): CodeIgniter\CodeIgniter->runController(Object(App\Controllers\Paises))
 8 SYSTEMPATH\CodeIgniter.php(361): CodeIgniter\CodeIgniter->handleRequest(null, Object(Config\Cache), false)
 9 FCPATH\index.php(79): CodeIgniter\CodeIgniter->run()
CRITICAL - 2023-11-27 09:24:20 --> Undefined variable $seleccionado
in APPPATH\Views\templates\menu_lateral.php on line 19.
 1 APPPATH\Views\templates\menu_lateral.php(19): CodeIgniter\Debug\Exceptions->errorHandler(2, 'Undefined variable $seleccionado', 'C:\\xampp\\htdocs\\paises\\app\\Views\\templates\\menu_lateral.php', 19)
 2 SYSTEMPATH\View\View.php(228): include('C:\\xampp\\htdocs\\paises\\app\\Views\\templates\\menu_lateral.php')
 3 SYSTEMPATH\View\View.php(231): CodeIgniter\View\View->CodeIgniter\View\{closure}()
 4 SYSTEMPATH\Common.php(1190): CodeIgniter\View\View->render('templates/menu_lateral', [], true)
 5 APPPATH\Controllers\Paises.php(28): view('templates/menu_lateral')
 6 SYSTEMPATH\CodeIgniter.php(942): App\Controllers\Paises->inglaterra()
 7 SYSTEMPATH\CodeIgniter.php(502): CodeIgniter\CodeIgniter->runController(Object(App\Controllers\Paises))
 8 SYSTEMPATH\CodeIgniter.php(361): CodeIgniter\CodeIgniter->handleRequest(null, Object(Config\Cache), false)
 9 FCPATH\index.php(79): CodeIgniter\CodeIgniter->run()
CRITICAL - 2023-11-27 09:30:09 --> Undefined variable $seleccionado
in APPPATH\Views\templates\menu_lateral.php on line 19.
 1 APPPATH\Views\templates\menu_lateral.php(19): CodeIgniter\Debug\Exceptions->errorHandler(2, 'Undefined variable $seleccionado', 'C:\\xampp\\htdocs\\paises\\app\\Views\\templates\\menu_lateral.php', 19)
 2 SYSTEMPATH\View\View.php(228): include('C:\\xampp\\htdocs\\paises\\app\\Views\\templates\\menu_lateral.php')
 3 SYSTEMPATH\View\View.php(231): CodeIgniter\View\View->CodeIgniter\View\{closure}()
 4 SYSTEMPATH\Common.php(1190): CodeIgniter\View\View->render('templates/menu_lateral', [], true)
 5 APPPATH\Controllers\Paises.php(30): view('templates/menu_lateral')
 6 SYSTEMPATH\CodeIgniter.php(942): App\Controllers\Paises->inglaterra()
 7 SYSTEMPATH\CodeIgniter.php(502): CodeIgniter\CodeIgniter->runController(Object(App\Controllers\Paises))
 8 SYSTEMPATH\CodeIgniter.php(361): CodeIgniter\CodeIgniter->handleRequest(null, Object(Config\Cache), false)
 9 FCPATH\index.php(79): CodeIgniter\CodeIgniter->run()
CRITICAL - 2023-11-27 09:31:31 --> Undefined variable $seleccionado
in APPPATH\Views\templates\menu_lateral.php on line 19.
 1 APPPATH\Views\templates\menu_lateral.php(19): CodeIgniter\Debug\Exceptions->errorHandler(2, 'Undefined variable $seleccionado', 'C:\\xampp\\htdocs\\paises\\app\\Views\\templates\\menu_lateral.php', 19)
 2 SYSTEMPATH\View\View.php(228): include('C:\\xampp\\htdocs\\paises\\app\\Views\\templates\\menu_lateral.php')
 3 SYSTEMPATH\View\View.php(231): CodeIgniter\View\View->CodeIgniter\View\{closure}()
 4 SYSTEMPATH\Common.php(1190): CodeIgniter\View\View->render('templates/menu_lateral', [], true)
 5 APPPATH\Controllers\Paises.php(30): view('templates/menu_lateral')
 6 SYSTEMPATH\CodeIgniter.php(942): App\Controllers\Paises->inglaterra()
 7 SYSTEMPATH\CodeIgniter.php(502): CodeIgniter\CodeIgniter->runController(Object(App\Controllers\Paises))
 8 SYSTEMPATH\CodeIgniter.php(361): CodeIgniter\CodeIgniter->handleRequest(null, Object(Config\Cache), false)
 9 FCPATH\index.php(79): CodeIgniter\CodeIgniter->run()
CRITICAL - 2023-11-27 09:38:19 --> Undefined variable $clase
in APPPATH\Views\templates\menu_lateral.php on line 45.
 1 APPPATH\Views\templates\menu_lateral.php(45): CodeIgniter\Debug\Exceptions->errorHandler(2, 'Undefined variable $clase', 'C:\\xampp\\htdocs\\paises\\app\\Views\\templates\\menu_lateral.php', 45)
 2 SYSTEMPATH\View\View.php(228): include('C:\\xampp\\htdocs\\paises\\app\\Views\\templates\\menu_lateral.php')
 3 SYSTEMPATH\View\View.php(231): CodeIgniter\View\View->CodeIgniter\View\{closure}()
 4 SYSTEMPATH\Common.php(1190): CodeIgniter\View\View->render('templates/menu_lateral', [], true)
 5 APPPATH\Controllers\Paises.php(12): view('templates/menu_lateral')
 6 SYSTEMPATH\CodeIgniter.php(942): App\Controllers\Paises->index()
 7 SYSTEMPATH\CodeIgniter.php(502): CodeIgniter\CodeIgniter->runController(Object(App\Controllers\Paises))
 8 SYSTEMPATH\CodeIgniter.php(361): CodeIgniter\CodeIgniter->handleRequest(null, Object(Config\Cache), false)
 9 FCPATH\index.php(79): CodeIgniter\CodeIgniter->run()
